<?xml version="1.0" encoding="UTF-8"?>
<testsuite name="Scenarios feature file" tests="2" skipped="0" failures="0" errors="0" timestamp="2021-03-09T10:54:15" hostname="Mohammeds-MacBook-Pro.local" time="56.575">
  <properties/>
  <testcase name="Scenario Number One on iPhone 11" classname="Scenarios feature file" time="26.786"/>
  <testcase name="Scenario Number One on iPhone 12" classname="Scenarios feature file" time="29.789"/>
  <system-out><![CDATA[Test launching on iOS
Test launching on iOS
]]></system-out>
  <system-err><![CDATA[Mar 09, 2021 4:24:26 PM io.appium.java_client.remote.AppiumCommandExecutor$1 lambda$0
INFO: Detected dialect: OSS
Thread ID - 13Mar 09, 2021 4:24:53 PM io.appium.java_client.remote.AppiumCommandExecutor$1 lambda$0
INFO: Detected dialect: OSS
Thread ID - 13]]></system-err>
</testsuite>
