<?xml version="1.0" encoding="UTF-8"?>
<testsuite name="Scenarios feature file" tests="1" skipped="0" failures="0" errors="0" timestamp="2021-03-09T05:38:21" hostname="Mohammeds-MacBook-Pro.local" time="23.233">
  <properties/>
  <testcase name="Scenario Number One" classname="Scenarios feature file" time="23.233"/>
  <system-out><![CDATA[Test launching on iOS
]]></system-out>
  <system-err><![CDATA[Mar 09, 2021 11:08:32 AM io.appium.java_client.remote.AppiumCommandExecutor$1 lambda$0
INFO: Detected dialect: OSS
Thread ID - 13]]></system-err>
</testsuite>
