<?xml version="1.0" encoding="UTF-8"?>
<testsuite name="Scenarios feature file #1" tests="2" skipped="0" failures="0" errors="0" timestamp="2021-03-09T16:58:39" hostname="Mohammeds-MacBook-Pro.local" time="59.602">
  <properties/>
  <testcase name="Scenario Number One on ios11" classname="Scenarios feature file #1" time="25.635"/>
  <testcase name="Scenario Number One on androidPixel3" classname="Scenarios feature file #1" time="33.967"/>
  <system-out><![CDATA[Test launching on iPhone 12
Test launching on Google Pixel 3
]]></system-out>
  <system-err><![CDATA[Mar 09, 2021 10:28:48 PM io.appium.java_client.remote.AppiumCommandExecutor$1 lambda$0
INFO: Detected dialect: OSS
Thread ID - 13Mar 09, 2021 10:29:27 PM io.appium.java_client.remote.AppiumCommandExecutor$1 lambda$0
INFO: Detected dialect: OSS
Thread ID - 13]]></system-err>
</testsuite>
