<?xml version="1.0" encoding="UTF-8"?>
<testsuite name="Scenarios feature file" tests="1" skipped="0" failures="0" errors="0" timestamp="2021-03-08T07:25:13" hostname="Mohammeds-MacBook-Pro.local" time="32.757">
  <properties/>
  <testcase name="Scenario Number One" classname="Scenarios feature file" time="32.757"/>
  <system-out><![CDATA[]]></system-out>
  <system-err><![CDATA[Mar 08, 2021 12:55:35 PM io.appium.java_client.remote.AppiumCommandExecutor$1 lambda$0
INFO: Detected dialect: OSS
]]></system-err>
</testsuite>
